<?xml version="1.0" encoding="UTF-8"?>
<testng-results ignored="0" total="1" passed="1" failed="0" skipped="0">
  <reporter-output>
  </reporter-output>
  <suite started-at="2024-01-24T16:41:55 IST" name="Default suite" finished-at="2024-01-24T16:41:57 IST" duration-ms="2727">
    <groups>
    </groups>
    <test started-at="2024-01-24T16:41:55 IST" name="Default test" finished-at="2024-01-24T16:41:57 IST" duration-ms="2727">
      <class name="EcommerceE2E.ECommerceEndToEnd">
        <test-method signature="EcommerceExample()[pri:0, instance:EcommerceE2E.ECommerceEndToEnd@54a7079e]" started-at="2024-01-24T16:41:55 IST" name="EcommerceExample" finished-at="2024-01-24T16:41:57 IST" duration-ms="2695" status="PASS">
          <reporter-output>
          </reporter-output>
        </test-method> <!-- EcommerceExample -->
      </class> <!-- EcommerceE2E.ECommerceEndToEnd -->
    </test> <!-- Default test -->
  </suite> <!-- Default suite -->
</testng-results>
